This file contains any messages produced by compilers while
running configure, to aid debugging if configure makes a mistake.

It was created by libideviceactivation configure 1.1.0, which was
generated by GNU Autoconf 2.69.  Invocation command line was

  $ ./configure LDFLAGS=-L/usr/local/opt/openssl@1.1/lib CPPFLAGS=-I/usr/local/opt/openssl@1.1/include

## --------- ##
## Platform. ##
## --------- ##

hostname = MacBook-Air-2.local
uname -m = x86_64
uname -r = 17.7.0
uname -s = Darwin
uname -v = Darwin Kernel Version 17.7.0: Thu Jun 21 22:53:14 PDT 2018; root:xnu-4570.71.2~1/RELEASE_X86_64

/usr/bin/uname -p = i386
/bin/uname -X     = unknown

/bin/arch              = unknown
/usr/bin/arch -k       = unknown
/usr/convex/getsysinfo = unknown
/usr/bin/hostinfo      = Mach kernel version:
	 Darwin Kernel Version 17.7.0: Thu Jun 21 22:53:14 PDT 2018; root:xnu-4570.71.2~1/RELEASE_X86_64
Kernel configured for up to 4 processors.
2 processors are physically available.
4 processors are logically available.
Processor type: x86_64h (Intel x86-64h Haswell)
Processors active: 0 1 2 3
Primary memory available: 4.00 gigabytes
Default processor set: 380 tasks, 1245 threads, 4 processors
Load average: 1.92, Mach factor: 2.07
/bin/machine           = unknown
/usr/bin/oslevel       = unknown
/bin/universe          = unknown

PATH: /usr/local/opt/openssl@1.1/bin
PATH: /usr/local/opt/openssl@1.1/bin
PATH: /usr/local/opt/openssl@1.1/bin
PATH: /usr/local/opt/openssl@1.1/bin
PATH: /usr/local/bin
PATH: /usr/bin
PATH: /bin
PATH: /usr/sbin
PATH: /sbin
PATH: /Library/Frameworks/Mono.framework/Versions/Current/Commands


## ----------- ##
## Core tests. ##
## ----------- ##

configure:2559: checking for a BSD-compatible install
configure:2627: result: /usr/bin/install -c
configure:2638: checking whether build environment is sane
configure:2693: result: yes
configure:2844: checking for a thread-safe mkdir -p
configure:2883: result: ./install-sh -c -d
configure:2890: checking for gawk
configure:2920: result: no
configure:2890: checking for mawk
configure:2920: result: no
configure:2890: checking for nawk
configure:2920: result: no
configure:2890: checking for awk
configure:2906: found /usr/bin/awk
configure:2917: result: awk
configure:2928: checking whether make sets $(MAKE)
configure:2950: result: yes
configure:2979: checking whether make supports nested variables
configure:2996: result: yes
configure:3133: checking whether make supports nested variables
configure:3150: result: yes
configure:3233: checking for gcc
configure:3249: found /usr/bin/gcc
configure:3260: result: gcc
configure:3489: checking for C compiler version
configure:3498: gcc --version >&5
Apple LLVM version 9.0.0 (clang-900.0.39.2)
Target: x86_64-apple-darwin17.7.0
Thread model: posix
InstalledDir: /Applications/Xcode.app/Contents/Developer/Toolchains/XcodeDefault.xctoolchain/usr/bin
Configured with: --prefix=/Applications/Xcode.app/Contents/Developer/usr --with-gxx-include-dir=/usr/include/c++/4.2.1
configure:3509: $? = 0
configure:3498: gcc -v >&5
Configured with: --prefix=/Applications/Xcode.app/Contents/Developer/usr --with-gxx-include-dir=/usr/include/c++/4.2.1
Apple LLVM version 9.0.0 (clang-900.0.39.2)
Target: x86_64-apple-darwin17.7.0
Thread model: posix
InstalledDir: /Applications/Xcode.app/Contents/Developer/Toolchains/XcodeDefault.xctoolchain/usr/bin
configure:3509: $? = 0
configure:3498: gcc -V >&5
clang: error: argument to '-V' is missing (expected 1 value)
clang: error: no input files
configure:3509: $? = 1
configure:3498: gcc -qversion >&5
clang: error: unknown argument: '-qversion'
clang: error: no input files
configure:3509: $? = 1
configure:3529: checking whether the C compiler works
configure:3551: gcc  -I/usr/local/opt/openssl@1.1/include -L/usr/local/opt/openssl@1.1/lib conftest.c  >&5
configure:3555: $? = 0
configure:3603: result: yes
configure:3606: checking for C compiler default output file name
configure:3608: result: a.out
configure:3614: checking for suffix of executables
configure:3621: gcc -o conftest  -I/usr/local/opt/openssl@1.1/include -L/usr/local/opt/openssl@1.1/lib conftest.c  >&5
configure:3625: $? = 0
configure:3647: result: 
configure:3669: checking whether we are cross compiling
configure:3677: gcc -o conftest  -I/usr/local/opt/openssl@1.1/include -L/usr/local/opt/openssl@1.1/lib conftest.c  >&5
configure:3681: $? = 0
configure:3688: ./conftest
configure:3692: $? = 0
configure:3707: result: no
configure:3712: checking for suffix of object files
configure:3734: gcc -c  -I/usr/local/opt/openssl@1.1/include conftest.c >&5
configure:3738: $? = 0
configure:3759: result: o
configure:3763: checking whether we are using the GNU C compiler
configure:3782: gcc -c  -I/usr/local/opt/openssl@1.1/include conftest.c >&5
configure:3782: $? = 0
configure:3791: result: yes
configure:3800: checking whether gcc accepts -g
configure:3820: gcc -c -g -I/usr/local/opt/openssl@1.1/include conftest.c >&5
configure:3820: $? = 0
configure:3861: result: yes
configure:3878: checking for gcc option to accept ISO C89
configure:3941: gcc  -c -g -O2 -I/usr/local/opt/openssl@1.1/include conftest.c >&5
configure:3941: $? = 0
configure:3954: result: none needed
configure:3979: checking whether gcc understands -c and -o together
configure:4001: gcc -c conftest.c -o conftest2.o
configure:4004: $? = 0
configure:4001: gcc -c conftest.c -o conftest2.o
configure:4004: $? = 0
configure:4016: result: yes
configure:4036: checking whether make supports the include directive
configure:4051: make -f confmf.GNU && cat confinc.out
this is the am__doit target
configure:4054: $? = 0
configure:4073: result: yes (GNU style)
configure:4098: checking dependency style of gcc
configure:4209: result: gcc3
configure:4282: checking for g++
configure:4298: found /usr/bin/g++
configure:4309: result: g++
configure:4336: checking for C++ compiler version
configure:4345: g++ --version >&5
Apple LLVM version 9.0.0 (clang-900.0.39.2)
Target: x86_64-apple-darwin17.7.0
Thread model: posix
InstalledDir: /Applications/Xcode.app/Contents/Developer/Toolchains/XcodeDefault.xctoolchain/usr/bin
Configured with: --prefix=/Applications/Xcode.app/Contents/Developer/usr --with-gxx-include-dir=/usr/include/c++/4.2.1
configure:4356: $? = 0
configure:4345: g++ -v >&5
Configured with: --prefix=/Applications/Xcode.app/Contents/Developer/usr --with-gxx-include-dir=/usr/include/c++/4.2.1
Apple LLVM version 9.0.0 (clang-900.0.39.2)
Target: x86_64-apple-darwin17.7.0
Thread model: posix
InstalledDir: /Applications/Xcode.app/Contents/Developer/Toolchains/XcodeDefault.xctoolchain/usr/bin
configure:4356: $? = 0
configure:4345: g++ -V >&5
clang: error: argument to '-V' is missing (expected 1 value)
clang: error: no input files
configure:4356: $? = 1
configure:4345: g++ -qversion >&5
clang: error: unknown argument: '-qversion'
clang: error: no input files
configure:4356: $? = 1
configure:4360: checking whether we are using the GNU C++ compiler
configure:4379: g++ -c  -I/usr/local/opt/openssl@1.1/include conftest.cpp >&5
configure:4379: $? = 0
configure:4388: result: yes
configure:4397: checking whether g++ accepts -g
configure:4417: g++ -c -g -I/usr/local/opt/openssl@1.1/include conftest.cpp >&5
configure:4417: $? = 0
configure:4458: result: yes
configure:4483: checking dependency style of g++
configure:4594: result: gcc3
configure:4639: checking build system type
configure:4653: result: x86_64-apple-darwin17.7.0
configure:4673: checking host system type
configure:4686: result: x86_64-apple-darwin17.7.0
configure:4727: checking how to print strings
configure:4754: result: printf
configure:4775: checking for a sed that does not truncate output
configure:4839: result: /usr/bin/sed
configure:4857: checking for grep that handles long lines and -e
configure:4915: result: /usr/bin/grep
configure:4920: checking for egrep
configure:4982: result: /usr/bin/grep -E
configure:4987: checking for fgrep
configure:5049: result: /usr/bin/grep -F
configure:5084: checking for ld used by gcc
configure:5151: result: /Applications/Xcode.app/Contents/Developer/Toolchains/XcodeDefault.xctoolchain/usr/bin/ld
configure:5158: checking if the linker (/Applications/Xcode.app/Contents/Developer/Toolchains/XcodeDefault.xctoolchain/usr/bin/ld) is GNU ld
configure:5173: result: no
configure:5185: checking for BSD- or MS-compatible name lister (nm)
configure:5239: result: /usr/bin/nm -B
configure:5369: checking the name lister (/usr/bin/nm -B) interface
configure:5376: gcc -c -g -O2 -I/usr/local/opt/openssl@1.1/include conftest.c >&5
configure:5379: /usr/bin/nm -B "conftest.o"
configure:5382: output
0000000000000200 S _some_variable
configure:5389: result: BSD nm
configure:5392: checking whether ln -s works
configure:5396: result: yes
configure:5404: checking the maximum length of command line arguments
configure:5535: result: 196608
configure:5583: checking how to convert x86_64-apple-darwin17.7.0 file names to x86_64-apple-darwin17.7.0 format
configure:5623: result: func_convert_file_noop
configure:5630: checking how to convert x86_64-apple-darwin17.7.0 file names to toolchain format
configure:5650: result: func_convert_file_noop
configure:5657: checking for /Applications/Xcode.app/Contents/Developer/Toolchains/XcodeDefault.xctoolchain/usr/bin/ld option to reload object files
configure:5664: result: -r
configure:5738: checking for objdump
configure:5754: found /usr/bin/objdump
configure:5765: result: objdump
configure:5797: checking how to recognize dependent libraries
configure:5997: result: pass_all
configure:6082: checking for dlltool
configure:6112: result: no
configure:6142: checking how to associate runtime and link libraries
configure:6169: result: printf %s\n
configure:6230: checking for ar
configure:6246: found /usr/bin/ar
configure:6257: result: ar
configure:6294: checking for archiver @FILE support
configure:6311: gcc -c -g -O2 -I/usr/local/opt/openssl@1.1/include conftest.c >&5
configure:6311: $? = 0
configure:6314: ar cru libconftest.a @conftest.lst >&5
ar: @conftest.lst: No such file or directory
configure:6317: $? = 1
configure:6337: result: no
configure:6395: checking for strip
configure:6411: found /usr/bin/strip
configure:6422: result: strip
configure:6494: checking for ranlib
configure:6510: found /usr/bin/ranlib
configure:6521: result: ranlib
configure:6623: checking command to parse /usr/bin/nm -B output from gcc object
configure:6776: gcc -c -g -O2 -I/usr/local/opt/openssl@1.1/include conftest.c >&5
configure:6779: $? = 0
configure:6783: /usr/bin/nm -B conftest.o \| sed -n -e 's/^.*[ ]\([BCDEGRST][BCDEGRST]*\)[ ][ ]*\([_A-Za-z][_A-Za-z0-9]*\)$/\1 \2 \2/p' | sed '/ __gnu_lto/d' \> conftest.nm
configure:6786: $? = 0
cannot find nm_test_var in conftest.nm
configure:6776: gcc -c -g -O2 -I/usr/local/opt/openssl@1.1/include conftest.c >&5
configure:6779: $? = 0
configure:6783: /usr/bin/nm -B conftest.o \| sed -n -e 's/^.*[ ]\([BCDEGRST][BCDEGRST]*\)[ ][ ]*_\([_A-Za-z][_A-Za-z0-9]*\)$/\1 _\2 \2/p' | sed '/ __gnu_lto/d' \> conftest.nm
configure:6786: $? = 0
configure:6852: gcc -o conftest -g -O2 -I/usr/local/opt/openssl@1.1/include -L/usr/local/opt/openssl@1.1/lib conftest.c conftstm.o >&5
warning: (x86_64)  could not find object file symbol for symbol _main
configure:6855: $? = 0
configure:6893: result: ok
configure:6940: checking for sysroot
configure:6970: result: no
configure:6977: checking for a working dd
configure:7015: result: /bin/dd
configure:7019: checking how to truncate binary pipes
configure:7034: result: /bin/dd bs=4096 count=1
configure:7363: checking for mt
configure:7393: result: no
configure:7413: checking if : is a manifest tool
configure:7419: : '-?'
configure:7427: result: no
configure:7483: checking for dsymutil
configure:7499: found /usr/bin/dsymutil
configure:7510: result: dsymutil
configure:7575: checking for nmedit
configure:7591: found /usr/bin/nmedit
configure:7602: result: nmedit
configure:7667: checking for lipo
configure:7683: found /usr/bin/lipo
configure:7694: result: lipo
configure:7759: checking for otool
configure:7775: found /usr/bin/otool
configure:7786: result: otool
configure:7851: checking for otool64
configure:7881: result: no
configure:7926: checking for -single_module linker flag
gcc -g -O2 -L/usr/local/opt/openssl@1.1/lib -o libconftest.dylib -dynamiclib -Wl,-single_module conftest.c
configure:7959: result: yes
configure:7962: checking for -exported_symbols_list linker flag
configure:7982: gcc -o conftest -g -O2 -I/usr/local/opt/openssl@1.1/include -L/usr/local/opt/openssl@1.1/lib -Wl,-exported_symbols_list,conftest.sym conftest.c  >&5
configure:7982: $? = 0
configure:7992: result: yes
configure:7995: checking for -force_load linker flag
gcc -g -O2 -c -o conftest.o conftest.c
ar cru libconftest.a conftest.o
ranlib libconftest.a
gcc -g -O2 -L/usr/local/opt/openssl@1.1/lib -o conftest conftest.c -Wl,-force_load,./libconftest.a
configure:8027: result: yes
configure:8104: checking how to run the C preprocessor
configure:8135: gcc -E -I/usr/local/opt/openssl@1.1/include conftest.c
configure:8135: $? = 0
configure:8149: gcc -E -I/usr/local/opt/openssl@1.1/include conftest.c
conftest.c:11:10: fatal error: 'ac_nonexistent.h' file not found
#include <ac_nonexistent.h>
         ^~~~~~~~~~~~~~~~~~
1 error generated.
configure:8149: $? = 1
configure: failed program was:
| /* confdefs.h */
| #define PACKAGE_NAME "libideviceactivation"
| #define PACKAGE_TARNAME "libideviceactivation"
| #define PACKAGE_VERSION "1.1.0"
| #define PACKAGE_STRING "libideviceactivation 1.1.0"
| #define PACKAGE_BUGREPORT "https://github.com/libimobiledevice/libideviceactivation/issues"
| #define PACKAGE_URL "http://libimobiledevice.org"
| #define PACKAGE "libideviceactivation"
| #define VERSION "1.1.0"
| /* end confdefs.h.  */
| #include <ac_nonexistent.h>
configure:8174: result: gcc -E
configure:8194: gcc -E -I/usr/local/opt/openssl@1.1/include conftest.c
configure:8194: $? = 0
configure:8208: gcc -E -I/usr/local/opt/openssl@1.1/include conftest.c
conftest.c:11:10: fatal error: 'ac_nonexistent.h' file not found
#include <ac_nonexistent.h>
         ^~~~~~~~~~~~~~~~~~
1 error generated.
configure:8208: $? = 1
configure: failed program was:
| /* confdefs.h */
| #define PACKAGE_NAME "libideviceactivation"
| #define PACKAGE_TARNAME "libideviceactivation"
| #define PACKAGE_VERSION "1.1.0"
| #define PACKAGE_STRING "libideviceactivation 1.1.0"
| #define PACKAGE_BUGREPORT "https://github.com/libimobiledevice/libideviceactivation/issues"
| #define PACKAGE_URL "http://libimobiledevice.org"
| #define PACKAGE "libideviceactivation"
| #define VERSION "1.1.0"
| /* end confdefs.h.  */
| #include <ac_nonexistent.h>
configure:8237: checking for ANSI C header files
configure:8257: gcc -c -g -O2 -I/usr/local/opt/openssl@1.1/include conftest.c >&5
configure:8257: $? = 0
configure:8330: gcc -o conftest -g -O2 -I/usr/local/opt/openssl@1.1/include -L/usr/local/opt/openssl@1.1/lib conftest.c  >&5
configure:8330: $? = 0
configure:8330: ./conftest
configure:8330: $? = 0
configure:8341: result: yes
configure:8354: checking for sys/types.h
configure:8354: gcc -c -g -O2 -I/usr/local/opt/openssl@1.1/include conftest.c >&5
configure:8354: $? = 0
configure:8354: result: yes
configure:8354: checking for sys/stat.h
configure:8354: gcc -c -g -O2 -I/usr/local/opt/openssl@1.1/include conftest.c >&5
configure:8354: $? = 0
configure:8354: result: yes
configure:8354: checking for stdlib.h
configure:8354: gcc -c -g -O2 -I/usr/local/opt/openssl@1.1/include conftest.c >&5
configure:8354: $? = 0
configure:8354: result: yes
configure:8354: checking for string.h
configure:8354: gcc -c -g -O2 -I/usr/local/opt/openssl@1.1/include conftest.c >&5
configure:8354: $? = 0
configure:8354: result: yes
configure:8354: checking for memory.h
configure:8354: gcc -c -g -O2 -I/usr/local/opt/openssl@1.1/include conftest.c >&5
configure:8354: $? = 0
configure:8354: result: yes
configure:8354: checking for strings.h
configure:8354: gcc -c -g -O2 -I/usr/local/opt/openssl@1.1/include conftest.c >&5
configure:8354: $? = 0
configure:8354: result: yes
configure:8354: checking for inttypes.h
configure:8354: gcc -c -g -O2 -I/usr/local/opt/openssl@1.1/include conftest.c >&5
configure:8354: $? = 0
configure:8354: result: yes
configure:8354: checking for stdint.h
configure:8354: gcc -c -g -O2 -I/usr/local/opt/openssl@1.1/include conftest.c >&5
configure:8354: $? = 0
configure:8354: result: yes
configure:8354: checking for unistd.h
configure:8354: gcc -c -g -O2 -I/usr/local/opt/openssl@1.1/include conftest.c >&5
configure:8354: $? = 0
configure:8354: result: yes
configure:8368: checking for dlfcn.h
configure:8368: gcc -c -g -O2 -I/usr/local/opt/openssl@1.1/include conftest.c >&5
configure:8368: $? = 0
configure:8368: result: yes
configure:8635: checking for objdir
configure:8650: result: .libs
configure:8914: checking if gcc supports -fno-rtti -fno-exceptions
configure:8932: gcc -c -g -O2 -I/usr/local/opt/openssl@1.1/include -fno-rtti -fno-exceptions conftest.c >&5
configure:8936: $? = 0
configure:8949: result: yes
configure:9307: checking for gcc option to produce PIC
configure:9314: result: -fno-common -DPIC
configure:9322: checking if gcc PIC flag -fno-common -DPIC works
configure:9340: gcc -c -g -O2 -I/usr/local/opt/openssl@1.1/include -fno-common -DPIC -DPIC conftest.c >&5
configure:9344: $? = 0
configure:9357: result: yes
configure:9386: checking if gcc static flag -static works
configure:9414: result: no
configure:9429: checking if gcc supports -c -o file.o
configure:9450: gcc -c -g -O2 -I/usr/local/opt/openssl@1.1/include -o out/conftest2.o conftest.c >&5
configure:9454: $? = 0
configure:9476: result: yes
configure:9484: checking if gcc supports -c -o file.o
configure:9531: result: yes
configure:9564: checking whether the gcc linker (/Applications/Xcode.app/Contents/Developer/Toolchains/XcodeDefault.xctoolchain/usr/bin/ld) supports shared libraries
configure:10823: result: yes
configure:11063: checking dynamic linker characteristics
configure:11881: result: darwin17.7.0 dyld
configure:12003: checking how to hardcode library paths into programs
configure:12028: result: immediate
configure:12576: checking whether stripping libraries is possible
configure:12590: result: yes
configure:12616: checking if libtool supports shared libraries
configure:12618: result: yes
configure:12621: checking whether to build shared libraries
configure:12646: result: yes
configure:12649: checking whether to build static libraries
configure:12653: result: yes
configure:12676: checking how to run the C++ preprocessor
configure:12703: g++ -E -I/usr/local/opt/openssl@1.1/include conftest.cpp
configure:12703: $? = 0
configure:12717: g++ -E -I/usr/local/opt/openssl@1.1/include conftest.cpp
conftest.cpp:23:10: fatal error: 'ac_nonexistent.h' file not found
#include <ac_nonexistent.h>
         ^~~~~~~~~~~~~~~~~~
1 error generated.
configure:12717: $? = 1
configure: failed program was:
| /* confdefs.h */
| #define PACKAGE_NAME "libideviceactivation"
| #define PACKAGE_TARNAME "libideviceactivation"
| #define PACKAGE_VERSION "1.1.0"
| #define PACKAGE_STRING "libideviceactivation 1.1.0"
| #define PACKAGE_BUGREPORT "https://github.com/libimobiledevice/libideviceactivation/issues"
| #define PACKAGE_URL "http://libimobiledevice.org"
| #define PACKAGE "libideviceactivation"
| #define VERSION "1.1.0"
| #define STDC_HEADERS 1
| #define HAVE_SYS_TYPES_H 1
| #define HAVE_SYS_STAT_H 1
| #define HAVE_STDLIB_H 1
| #define HAVE_STRING_H 1
| #define HAVE_MEMORY_H 1
| #define HAVE_STRINGS_H 1
| #define HAVE_INTTYPES_H 1
| #define HAVE_STDINT_H 1
| #define HAVE_UNISTD_H 1
| #define HAVE_DLFCN_H 1
| #define LT_OBJDIR ".libs/"
| /* end confdefs.h.  */
| #include <ac_nonexistent.h>
configure:12742: result: g++ -E
configure:12762: g++ -E -I/usr/local/opt/openssl@1.1/include conftest.cpp
configure:12762: $? = 0
configure:12776: g++ -E -I/usr/local/opt/openssl@1.1/include conftest.cpp
conftest.cpp:23:10: fatal error: 'ac_nonexistent.h' file not found
#include <ac_nonexistent.h>
         ^~~~~~~~~~~~~~~~~~
1 error generated.
configure:12776: $? = 1
configure: failed program was:
| /* confdefs.h */
| #define PACKAGE_NAME "libideviceactivation"
| #define PACKAGE_TARNAME "libideviceactivation"
| #define PACKAGE_VERSION "1.1.0"
| #define PACKAGE_STRING "libideviceactivation 1.1.0"
| #define PACKAGE_BUGREPORT "https://github.com/libimobiledevice/libideviceactivation/issues"
| #define PACKAGE_URL "http://libimobiledevice.org"
| #define PACKAGE "libideviceactivation"
| #define VERSION "1.1.0"
| #define STDC_HEADERS 1
| #define HAVE_SYS_TYPES_H 1
| #define HAVE_SYS_STAT_H 1
| #define HAVE_STDLIB_H 1
| #define HAVE_STRING_H 1
| #define HAVE_MEMORY_H 1
| #define HAVE_STRINGS_H 1
| #define HAVE_INTTYPES_H 1
| #define HAVE_STDINT_H 1
| #define HAVE_UNISTD_H 1
| #define HAVE_DLFCN_H 1
| #define LT_OBJDIR ".libs/"
| /* end confdefs.h.  */
| #include <ac_nonexistent.h>
configure:12938: checking for ld used by g++
configure:13005: result: /Applications/Xcode.app/Contents/Developer/Toolchains/XcodeDefault.xctoolchain/usr/bin/ld
configure:13012: checking if the linker (/Applications/Xcode.app/Contents/Developer/Toolchains/XcodeDefault.xctoolchain/usr/bin/ld) is GNU ld
configure:13027: result: no
configure:13082: checking whether the g++ linker (/Applications/Xcode.app/Contents/Developer/Toolchains/XcodeDefault.xctoolchain/usr/bin/ld) supports shared libraries
configure:14155: result: yes
configure:14191: g++ -c -g -O2 -I/usr/local/opt/openssl@1.1/include conftest.cpp >&5
configure:14194: $? = 0
configure:14675: checking for g++ option to produce PIC
configure:14682: result: -fno-common -DPIC
configure:14690: checking if g++ PIC flag -fno-common -DPIC works
configure:14708: g++ -c -g -O2 -I/usr/local/opt/openssl@1.1/include -fno-common -DPIC -DPIC conftest.cpp >&5
configure:14712: $? = 0
configure:14725: result: yes
configure:14748: checking if g++ static flag -static works
configure:14776: result: no
configure:14788: checking if g++ supports -c -o file.o
configure:14809: g++ -c -g -O2 -I/usr/local/opt/openssl@1.1/include -o out/conftest2.o conftest.cpp >&5
configure:14813: $? = 0
configure:14835: result: yes
configure:14840: checking if g++ supports -c -o file.o
configure:14887: result: yes
configure:14917: checking whether the g++ linker (/Applications/Xcode.app/Contents/Developer/Toolchains/XcodeDefault.xctoolchain/usr/bin/ld) supports shared libraries
configure:14957: result: yes
configure:15098: checking dynamic linker characteristics
configure:15843: result: darwin17.7.0 dyld
configure:15908: checking how to hardcode library paths into programs
configure:15933: result: immediate
configure:16050: checking for pkg-config
configure:16068: found /usr/local/bin/pkg-config
configure:16080: result: /usr/local/bin/pkg-config
configure:16105: checking pkg-config is at least version 0.9.0
configure:16108: result: yes
configure:16118: checking for libimobiledevice-1.0 >= 1.2.1
configure:16125: $PKG_CONFIG --exists --print-errors "libimobiledevice-1.0 >= $LIBIMOBILEDEVICE_VERSION"
configure:16128: $? = 0
configure:16142: $PKG_CONFIG --exists --print-errors "libimobiledevice-1.0 >= $LIBIMOBILEDEVICE_VERSION"
configure:16145: $? = 0
configure:16203: result: yes
configure:16209: checking for libplist >= 1.11
configure:16216: $PKG_CONFIG --exists --print-errors "libplist >= $LIBPLIST_VERSION"
configure:16219: $? = 0
configure:16233: $PKG_CONFIG --exists --print-errors "libplist >= $LIBPLIST_VERSION"
configure:16236: $? = 0
configure:16294: result: yes
configure:16300: checking for libcurl >= 7.20
configure:16307: $PKG_CONFIG --exists --print-errors "libcurl >= $LIBCURL_VERSION"
configure:16310: $? = 0
configure:16324: $PKG_CONFIG --exists --print-errors "libcurl >= $LIBCURL_VERSION"
configure:16327: $? = 0
configure:16385: result: yes
configure:16391: checking for libxml-2.0 >= 2.9
configure:16398: $PKG_CONFIG --exists --print-errors "libxml-2.0 >= $LIBXML2_VERSION"
configure:16401: $? = 0
configure:16415: $PKG_CONFIG --exists --print-errors "libxml-2.0 >= $LIBXML2_VERSION"
configure:16418: $? = 0
configure:16476: result: yes
configure:16482: checking for ANSI C header files
configure:16586: result: yes
configure:16597: checking for stdint.h
configure:16597: result: yes
configure:16597: checking for stdlib.h
configure:16597: result: yes
configure:16597: checking for string.h
configure:16597: result: yes
configure:16597: checking sys/socket.h usability
configure:16597: gcc -c -g -O2 -I/usr/local/opt/openssl@1.1/include conftest.c >&5
configure:16597: $? = 0
configure:16597: result: yes
configure:16597: checking sys/socket.h presence
configure:16597: gcc -E -I/usr/local/opt/openssl@1.1/include conftest.c
configure:16597: $? = 0
configure:16597: result: yes
configure:16597: checking for sys/socket.h
configure:16597: result: yes
configure:16609: checking for an ANSI C-conforming const
configure:16675: gcc -c -g -O2 -I/usr/local/opt/openssl@1.1/include conftest.c >&5
configure:16675: $? = 0
configure:16682: result: yes
configure:16690: checking for size_t
configure:16690: gcc -c -g -O2 -I/usr/local/opt/openssl@1.1/include conftest.c >&5
configure:16690: $? = 0
configure:16690: gcc -c -g -O2 -I/usr/local/opt/openssl@1.1/include conftest.c >&5
conftest.c:64:21: error: expected expression
if (sizeof ((size_t)))
                    ^
1 error generated.
configure:16690: $? = 1
configure: failed program was:
| /* confdefs.h */
| #define PACKAGE_NAME "libideviceactivation"
| #define PACKAGE_TARNAME "libideviceactivation"
| #define PACKAGE_VERSION "1.1.0"
| #define PACKAGE_STRING "libideviceactivation 1.1.0"
| #define PACKAGE_BUGREPORT "https://github.com/libimobiledevice/libideviceactivation/issues"
| #define PACKAGE_URL "http://libimobiledevice.org"
| #define PACKAGE "libideviceactivation"
| #define VERSION "1.1.0"
| #define STDC_HEADERS 1
| #define HAVE_SYS_TYPES_H 1
| #define HAVE_SYS_STAT_H 1
| #define HAVE_STDLIB_H 1
| #define HAVE_STRING_H 1
| #define HAVE_MEMORY_H 1
| #define HAVE_STRINGS_H 1
| #define HAVE_INTTYPES_H 1
| #define HAVE_STDINT_H 1
| #define HAVE_UNISTD_H 1
| #define HAVE_DLFCN_H 1
| #define LT_OBJDIR ".libs/"
| #define STDC_HEADERS 1
| #define HAVE_STDINT_H 1
| #define HAVE_STDLIB_H 1
| #define HAVE_STRING_H 1
| #define HAVE_SYS_SOCKET_H 1
| /* end confdefs.h.  */
| #include <stdio.h>
| #ifdef HAVE_SYS_TYPES_H
| # include <sys/types.h>
| #endif
| #ifdef HAVE_SYS_STAT_H
| # include <sys/stat.h>
| #endif
| #ifdef STDC_HEADERS
| # include <stdlib.h>
| # include <stddef.h>
| #else
| # ifdef HAVE_STDLIB_H
| #  include <stdlib.h>
| # endif
| #endif
| #ifdef HAVE_STRING_H
| # if !defined STDC_HEADERS && defined HAVE_MEMORY_H
| #  include <memory.h>
| # endif
| # include <string.h>
| #endif
| #ifdef HAVE_STRINGS_H
| # include <strings.h>
| #endif
| #ifdef HAVE_INTTYPES_H
| # include <inttypes.h>
| #endif
| #ifdef HAVE_STDINT_H
| # include <stdint.h>
| #endif
| #ifdef HAVE_UNISTD_H
| # include <unistd.h>
| #endif
| int
| main ()
| {
| if (sizeof ((size_t)))
| 	    return 0;
|   ;
|   return 0;
| }
configure:16690: result: yes
configure:16701: checking for ssize_t
configure:16701: gcc -c -g -O2 -I/usr/local/opt/openssl@1.1/include conftest.c >&5
configure:16701: $? = 0
configure:16701: gcc -c -g -O2 -I/usr/local/opt/openssl@1.1/include conftest.c >&5
conftest.c:64:22: error: expected expression
if (sizeof ((ssize_t)))
                     ^
1 error generated.
configure:16701: $? = 1
configure: failed program was:
| /* confdefs.h */
| #define PACKAGE_NAME "libideviceactivation"
| #define PACKAGE_TARNAME "libideviceactivation"
| #define PACKAGE_VERSION "1.1.0"
| #define PACKAGE_STRING "libideviceactivation 1.1.0"
| #define PACKAGE_BUGREPORT "https://github.com/libimobiledevice/libideviceactivation/issues"
| #define PACKAGE_URL "http://libimobiledevice.org"
| #define PACKAGE "libideviceactivation"
| #define VERSION "1.1.0"
| #define STDC_HEADERS 1
| #define HAVE_SYS_TYPES_H 1
| #define HAVE_SYS_STAT_H 1
| #define HAVE_STDLIB_H 1
| #define HAVE_STRING_H 1
| #define HAVE_MEMORY_H 1
| #define HAVE_STRINGS_H 1
| #define HAVE_INTTYPES_H 1
| #define HAVE_STDINT_H 1
| #define HAVE_UNISTD_H 1
| #define HAVE_DLFCN_H 1
| #define LT_OBJDIR ".libs/"
| #define STDC_HEADERS 1
| #define HAVE_STDINT_H 1
| #define HAVE_STDLIB_H 1
| #define HAVE_STRING_H 1
| #define HAVE_SYS_SOCKET_H 1
| /* end confdefs.h.  */
| #include <stdio.h>
| #ifdef HAVE_SYS_TYPES_H
| # include <sys/types.h>
| #endif
| #ifdef HAVE_SYS_STAT_H
| # include <sys/stat.h>
| #endif
| #ifdef STDC_HEADERS
| # include <stdlib.h>
| # include <stddef.h>
| #else
| # ifdef HAVE_STDLIB_H
| #  include <stdlib.h>
| # endif
| #endif
| #ifdef HAVE_STRING_H
| # if !defined STDC_HEADERS && defined HAVE_MEMORY_H
| #  include <memory.h>
| # endif
| # include <string.h>
| #endif
| #ifdef HAVE_STRINGS_H
| # include <strings.h>
| #endif
| #ifdef HAVE_INTTYPES_H
| # include <inttypes.h>
| #endif
| #ifdef HAVE_STDINT_H
| # include <stdint.h>
| #endif
| #ifdef HAVE_UNISTD_H
| # include <unistd.h>
| #endif
| int
| main ()
| {
| if (sizeof ((ssize_t)))
| 	    return 0;
|   ;
|   return 0;
| }
configure:16701: result: yes
configure:16712: checking for uint16_t
configure:16712: gcc -c -g -O2 -I/usr/local/opt/openssl@1.1/include conftest.c >&5
configure:16712: $? = 0
configure:16712: result: yes
configure:16724: checking for uint32_t
configure:16724: gcc -c -g -O2 -I/usr/local/opt/openssl@1.1/include conftest.c >&5
configure:16724: $? = 0
configure:16724: result: yes
configure:16738: checking for uint8_t
configure:16738: gcc -c -g -O2 -I/usr/local/opt/openssl@1.1/include conftest.c >&5
configure:16738: $? = 0
configure:16738: result: yes
configure:16757: checking for strcasecmp
configure:16757: gcc -o conftest -g -O2 -I/usr/local/opt/openssl@1.1/include -L/usr/local/opt/openssl@1.1/lib conftest.c  >&5
conftest.c:51:6: warning: incompatible redeclaration of library function 'strcasecmp' [-Wincompatible-library-redeclaration]
char strcasecmp ();
     ^
conftest.c:51:6: note: 'strcasecmp' is a builtin with type 'int (const char *, const char *)'
1 warning generated.
configure:16757: $? = 0
configure:16757: result: yes
configure:16757: checking for strdup
configure:16757: gcc -o conftest -g -O2 -I/usr/local/opt/openssl@1.1/include -L/usr/local/opt/openssl@1.1/lib conftest.c  >&5
conftest.c:52:6: warning: incompatible redeclaration of library function 'strdup' [-Wincompatible-library-redeclaration]
char strdup ();
     ^
conftest.c:52:6: note: 'strdup' is a builtin with type 'char *(const char *)'
1 warning generated.
configure:16757: $? = 0
configure:16757: result: yes
configure:16757: checking for strerror
configure:16757: gcc -o conftest -g -O2 -I/usr/local/opt/openssl@1.1/include -L/usr/local/opt/openssl@1.1/lib conftest.c  >&5
conftest.c:53:6: warning: incompatible redeclaration of library function 'strerror' [-Wincompatible-library-redeclaration]
char strerror ();
     ^
conftest.c:53:6: note: 'strerror' is a builtin with type 'char *(int)'
1 warning generated.
configure:16757: $? = 0
configure:16757: result: yes
configure:16757: checking for strndup
configure:16757: gcc -o conftest -g -O2 -I/usr/local/opt/openssl@1.1/include -L/usr/local/opt/openssl@1.1/lib conftest.c  >&5
conftest.c:54:6: warning: incompatible redeclaration of library function 'strndup' [-Wincompatible-library-redeclaration]
char strndup ();
     ^
conftest.c:54:6: note: 'strndup' is a builtin with type 'char *(const char *, unsigned long)'
1 warning generated.
configure:16757: $? = 0
configure:16757: result: yes
configure:16768: checking wether we need platform-specific build settings for darwin17.7.0
configure:16777: result: no
configure:17486: checking for supported compiler flags
configure:17503: gcc -c -g -O2 -Wall -I/usr/local/opt/openssl@1.1/include conftest.c >&5
configure:17503: $? = 0
configure:17503: gcc -c -g -O2 -Wextra -I/usr/local/opt/openssl@1.1/include conftest.c >&5
configure:17503: $? = 0
configure:17503: gcc -c -g -O2 -Wmissing-declarations -I/usr/local/opt/openssl@1.1/include conftest.c >&5
configure:17503: $? = 0
configure:17503: gcc -c -g -O2 -Wredundant-decls -I/usr/local/opt/openssl@1.1/include conftest.c >&5
configure:17503: $? = 0
configure:17503: gcc -c -g -O2 -Wshadow -I/usr/local/opt/openssl@1.1/include conftest.c >&5
configure:17503: $? = 0
configure:17503: gcc -c -g -O2 -Wpointer-arith -I/usr/local/opt/openssl@1.1/include conftest.c >&5
configure:17503: $? = 0
configure:17503: gcc -c -g -O2 -Wwrite-strings -I/usr/local/opt/openssl@1.1/include conftest.c >&5
configure:17503: $? = 0
configure:17503: gcc -c -g -O2 -Wswitch-default -I/usr/local/opt/openssl@1.1/include conftest.c >&5
configure:17503: $? = 0
configure:17503: gcc -c -g -O2 -Wno-unused-parameter -I/usr/local/opt/openssl@1.1/include conftest.c >&5
configure:17503: $? = 0
configure:17503: gcc -c -g -O2 -fsigned-char -I/usr/local/opt/openssl@1.1/include conftest.c >&5
configure:17503: $? = 0
configure:17503: gcc -c -g -O2 -fvisibility=hidden -I/usr/local/opt/openssl@1.1/include conftest.c >&5
configure:17503: $? = 0
configure:17517: result:  -Wall -Wextra -Wmissing-declarations -Wredundant-decls -Wshadow -Wpointer-arith -Wwrite-strings -Wswitch-default -Wno-unused-parameter -fsigned-char -fvisibility=hidden
configure:17545: checking whether make supports nested variables
configure:17562: result: yes
configure:17685: checking that generated files are newer than configure
configure:17691: result: done
configure:17722: creating ./config.status

## ---------------------- ##
## Running config.status. ##
## ---------------------- ##

This file was extended by libideviceactivation config.status 1.1.0, which was
generated by GNU Autoconf 2.69.  Invocation command line was

  CONFIG_FILES    = 
  CONFIG_HEADERS  = 
  CONFIG_LINKS    = 
  CONFIG_COMMANDS = 
  $ ./config.status 

on MacBook-Air-2.local

config.status:1184: creating Makefile
config.status:1184: creating src/Makefile
config.status:1184: creating src/libideviceactivation-1.0.pc
config.status:1184: creating include/Makefile
config.status:1184: creating tools/Makefile
config.status:1184: creating man/Makefile
config.status:1184: creating config.h
config.status:1413: executing depfiles commands
config.status:1490: cd src       && sed -e '/# am--include-marker/d' Makefile         | make -f - am--depfiles
config.status:1495: $? = 0
config.status:1490: cd tools       && sed -e '/# am--include-marker/d' Makefile         | make -f - am--depfiles
config.status:1495: $? = 0
config.status:1413: executing libtool commands

## ---------------- ##
## Cache variables. ##
## ---------------- ##

ac_cv_build=x86_64-apple-darwin17.7.0
ac_cv_c_compiler_gnu=yes
ac_cv_c_const=yes
ac_cv_c_uint16_t=yes
ac_cv_c_uint32_t=yes
ac_cv_c_uint8_t=yes
ac_cv_cxx_compiler_gnu=yes
ac_cv_env_CCC_set=
ac_cv_env_CCC_value=
ac_cv_env_CC_set=
ac_cv_env_CC_value=
ac_cv_env_CFLAGS_set=
ac_cv_env_CFLAGS_value=
ac_cv_env_CPPFLAGS_set=set
ac_cv_env_CPPFLAGS_value=-I/usr/local/opt/openssl@1.1/include
ac_cv_env_CPP_set=
ac_cv_env_CPP_value=
ac_cv_env_CXXCPP_set=
ac_cv_env_CXXCPP_value=
ac_cv_env_CXXFLAGS_set=
ac_cv_env_CXXFLAGS_value=
ac_cv_env_CXX_set=
ac_cv_env_CXX_value=
ac_cv_env_LDFLAGS_set=set
ac_cv_env_LDFLAGS_value=-L/usr/local/opt/openssl@1.1/lib
ac_cv_env_LIBS_set=
ac_cv_env_LIBS_value=
ac_cv_env_LT_SYS_LIBRARY_PATH_set=
ac_cv_env_LT_SYS_LIBRARY_PATH_value=
ac_cv_env_PKG_CONFIG_LIBDIR_set=
ac_cv_env_PKG_CONFIG_LIBDIR_value=
ac_cv_env_PKG_CONFIG_PATH_set=set
ac_cv_env_PKG_CONFIG_PATH_value=/usr/local/opt/libxml2/lib/pkgconfig
ac_cv_env_PKG_CONFIG_set=
ac_cv_env_PKG_CONFIG_value=
ac_cv_env_build_alias_set=
ac_cv_env_build_alias_value=
ac_cv_env_host_alias_set=
ac_cv_env_host_alias_value=
ac_cv_env_libcurl_CFLAGS_set=
ac_cv_env_libcurl_CFLAGS_value=
ac_cv_env_libcurl_LIBS_set=
ac_cv_env_libcurl_LIBS_value=
ac_cv_env_libimobiledevice_CFLAGS_set=
ac_cv_env_libimobiledevice_CFLAGS_value=
ac_cv_env_libimobiledevice_LIBS_set=
ac_cv_env_libimobiledevice_LIBS_value=
ac_cv_env_libplist_CFLAGS_set=
ac_cv_env_libplist_CFLAGS_value=
ac_cv_env_libplist_LIBS_set=
ac_cv_env_libplist_LIBS_value=
ac_cv_env_libxml2_CFLAGS_set=
ac_cv_env_libxml2_CFLAGS_value=
ac_cv_env_libxml2_LIBS_set=
ac_cv_env_libxml2_LIBS_value=
ac_cv_env_target_alias_set=
ac_cv_env_target_alias_value=
ac_cv_func_strcasecmp=yes
ac_cv_func_strdup=yes
ac_cv_func_strerror=yes
ac_cv_func_strndup=yes
ac_cv_header_dlfcn_h=yes
ac_cv_header_inttypes_h=yes
ac_cv_header_memory_h=yes
ac_cv_header_stdc=yes
ac_cv_header_stdint_h=yes
ac_cv_header_stdlib_h=yes
ac_cv_header_string_h=yes
ac_cv_header_strings_h=yes
ac_cv_header_sys_socket_h=yes
ac_cv_header_sys_stat_h=yes
ac_cv_header_sys_types_h=yes
ac_cv_header_unistd_h=yes
ac_cv_host=x86_64-apple-darwin17.7.0
ac_cv_objext=o
ac_cv_path_EGREP='/usr/bin/grep -E'
ac_cv_path_FGREP='/usr/bin/grep -F'
ac_cv_path_GREP=/usr/bin/grep
ac_cv_path_SED=/usr/bin/sed
ac_cv_path_ac_pt_PKG_CONFIG=/usr/local/bin/pkg-config
ac_cv_path_install='/usr/bin/install -c'
ac_cv_path_lt_DD=/bin/dd
ac_cv_prog_AWK=awk
ac_cv_prog_CPP='gcc -E'
ac_cv_prog_CXXCPP='g++ -E'
ac_cv_prog_ac_ct_AR=ar
ac_cv_prog_ac_ct_CC=gcc
ac_cv_prog_ac_ct_CXX=g++
ac_cv_prog_ac_ct_DSYMUTIL=dsymutil
ac_cv_prog_ac_ct_LIPO=lipo
ac_cv_prog_ac_ct_NMEDIT=nmedit
ac_cv_prog_ac_ct_OBJDUMP=objdump
ac_cv_prog_ac_ct_OTOOL=otool
ac_cv_prog_ac_ct_RANLIB=ranlib
ac_cv_prog_ac_ct_STRIP=strip
ac_cv_prog_cc_c89=
ac_cv_prog_cc_g=yes
ac_cv_prog_cxx_g=yes
ac_cv_prog_make_make_set=yes
ac_cv_type_size_t=yes
ac_cv_type_ssize_t=yes
am_cv_CC_dependencies_compiler_type=gcc3
am_cv_CXX_dependencies_compiler_type=gcc3
am_cv_make_support_nested_variables=yes
am_cv_prog_cc_c_o=yes
lt_cv_apple_cc_single_mod=yes
lt_cv_ar_at_file=no
lt_cv_deplibs_check_method=pass_all
lt_cv_file_magic_cmd='$MAGIC_CMD'
lt_cv_file_magic_test_file=
lt_cv_ld_exported_symbols_list=yes
lt_cv_ld_force_load=yes
lt_cv_ld_reload_flag=-r
lt_cv_nm_interface='BSD nm'
lt_cv_objdir=.libs
lt_cv_path_LD=/Applications/Xcode.app/Contents/Developer/Toolchains/XcodeDefault.xctoolchain/usr/bin/ld
lt_cv_path_LDCXX=/Applications/Xcode.app/Contents/Developer/Toolchains/XcodeDefault.xctoolchain/usr/bin/ld
lt_cv_path_NM='/usr/bin/nm -B'
lt_cv_path_mainfest_tool=no
lt_cv_prog_compiler_c_o=yes
lt_cv_prog_compiler_c_o_CXX=yes
lt_cv_prog_compiler_pic='-fno-common -DPIC'
lt_cv_prog_compiler_pic_CXX='-fno-common -DPIC'
lt_cv_prog_compiler_pic_works=yes
lt_cv_prog_compiler_pic_works_CXX=yes
lt_cv_prog_compiler_rtti_exceptions=yes
lt_cv_prog_compiler_static_works=no
lt_cv_prog_compiler_static_works_CXX=no
lt_cv_prog_gnu_ld=no
lt_cv_prog_gnu_ldcxx=no
lt_cv_sharedlib_from_linklib_cmd='printf %s\n'
lt_cv_sys_global_symbol_pipe='sed -n -e '\''s/^.*[	 ]\([BCDEGRST][BCDEGRST]*\)[	 ][	 ]*_\([_A-Za-z][_A-Za-z0-9]*\)$/\1 _\2 \2/p'\'' | sed '\''/ __gnu_lto/d'\'''
lt_cv_sys_global_symbol_to_c_name_address='sed -n -e '\''s/^: \(.*\) .*$/  {"\1", (void *) 0},/p'\'' -e '\''s/^[BCDEGRST][BCDEGRST]* .* \(.*\)$/  {"\1", (void *) \&\1},/p'\'''
lt_cv_sys_global_symbol_to_c_name_address_lib_prefix='sed -n -e '\''s/^: \(.*\) .*$/  {"\1", (void *) 0},/p'\'' -e '\''s/^[BCDEGRST][BCDEGRST]* .* \(lib.*\)$/  {"\1", (void *) \&\1},/p'\'' -e '\''s/^[BCDEGRST][BCDEGRST]* .* \(.*\)$/  {"lib\1", (void *) \&\1},/p'\'''
lt_cv_sys_global_symbol_to_cdecl='sed -n -e '\''s/^T .* \(.*\)$/extern int \1();/p'\'' -e '\''s/^[BCDEGRST][BCDEGRST]* .* \(.*\)$/extern char \1;/p'\'''
lt_cv_sys_global_symbol_to_import=
lt_cv_sys_max_cmd_len=196608
lt_cv_to_host_file_cmd=func_convert_file_noop
lt_cv_to_tool_file_cmd=func_convert_file_noop
lt_cv_truncate_bin='/bin/dd bs=4096 count=1'
pkg_cv_libcurl_CFLAGS=
pkg_cv_libcurl_LIBS=-lcurl
pkg_cv_libimobiledevice_CFLAGS='-I/usr/local/include -I/usr/local/Cellar/gnutls/3.6.13/include -I/usr/local/Cellar/nettle/3.4.1/include -I/usr/local/Cellar/p11-kit/0.23.20_1/include/p11-kit-1 -I/usr/local/Cellar/libtasn1/4.16.0/include -I/usr/local/include'
pkg_cv_libimobiledevice_LIBS='-L/usr/local/lib -limobiledevice -lplist'
pkg_cv_libplist_CFLAGS=-I/usr/local/include
pkg_cv_libplist_LIBS='-L/usr/local/lib -lplist'
pkg_cv_libxml2_CFLAGS=-I/usr/local/Cellar/libxml2/2.9.10_1/include/libxml2
pkg_cv_libxml2_LIBS='-L/usr/local/Cellar/libxml2/2.9.10_1/lib -lxml2'

## ----------------- ##
## Output variables. ##
## ----------------- ##

ACLOCAL='${SHELL} /Users/appletech752/Desktop/oc34n2/dependencies/libimobiledevice/libideviceactivation/missing aclocal-1.16'
AMDEPBACKSLASH='\'
AMDEP_FALSE='#'
AMDEP_TRUE=''
AMTAR='$${TAR-tar}'
AM_BACKSLASH='\'
AM_DEFAULT_V='$(AM_DEFAULT_VERBOSITY)'
AM_DEFAULT_VERBOSITY='0'
AM_V='$(V)'
AR='ar'
AUTOCONF='${SHELL} /Users/appletech752/Desktop/oc34n2/dependencies/libimobiledevice/libideviceactivation/missing autoconf'
AUTOHEADER='${SHELL} /Users/appletech752/Desktop/oc34n2/dependencies/libimobiledevice/libideviceactivation/missing autoheader'
AUTOMAKE='${SHELL} /Users/appletech752/Desktop/oc34n2/dependencies/libimobiledevice/libideviceactivation/missing automake-1.16'
AWK='awk'
CC='gcc'
CCDEPMODE='depmode=gcc3'
CFLAGS='-g -O2'
CPP='gcc -E'
CPPFLAGS='-I/usr/local/opt/openssl@1.1/include'
CXX='g++'
CXXCPP='g++ -E'
CXXDEPMODE='depmode=gcc3'
CXXFLAGS='-g -O2'
CYGPATH_W='echo'
DEFS='-DHAVE_CONFIG_H'
DEPDIR='.deps'
DLLTOOL='false'
DSYMUTIL='dsymutil'
DUMPBIN=''
ECHO_C='\c'
ECHO_N=''
ECHO_T=''
EGREP='/usr/bin/grep -E'
EXEEXT=''
FGREP='/usr/bin/grep -F'
GLOBAL_CFLAGS='  -Wall -Wextra -Wmissing-declarations -Wredundant-decls -Wshadow -Wpointer-arith -Wwrite-strings -Wswitch-default -Wno-unused-parameter -fsigned-char -fvisibility=hidden'
GREP='/usr/bin/grep'
INSTALL_DATA='${INSTALL} -m 644'
INSTALL_PROGRAM='${INSTALL}'
INSTALL_SCRIPT='${INSTALL}'
INSTALL_STRIP_PROGRAM='$(install_sh) -c -s'
LD='/Applications/Xcode.app/Contents/Developer/Toolchains/XcodeDefault.xctoolchain/usr/bin/ld'
LDFLAGS='-L/usr/local/opt/openssl@1.1/lib'
LIBCURL_VERSION='7.20'
LIBIDEVICEACTIVATION_SO_VERSION='3:0:1'
LIBIMOBILEDEVICE_VERSION='1.2.1'
LIBOBJS=''
LIBPLIST_VERSION='1.11'
LIBS=''
LIBTOOL='$(SHELL) $(top_builddir)/libtool'
LIBXML2_VERSION='2.9'
LIPO='lipo'
LN_S='ln -s'
LTLIBOBJS=''
LT_SYS_LIBRARY_PATH=''
MAKEINFO='${SHELL} /Users/appletech752/Desktop/oc34n2/dependencies/libimobiledevice/libideviceactivation/missing makeinfo'
MANIFEST_TOOL=':'
MKDIR_P='./install-sh -c -d'
NM='/usr/bin/nm -B'
NMEDIT='nmedit'
OBJDUMP='objdump'
OBJEXT='o'
OTOOL64=':'
OTOOL='otool'
PACKAGE='libideviceactivation'
PACKAGE_BUGREPORT='https://github.com/libimobiledevice/libideviceactivation/issues'
PACKAGE_NAME='libideviceactivation'
PACKAGE_STRING='libideviceactivation 1.1.0'
PACKAGE_TARNAME='libideviceactivation'
PACKAGE_URL='http://libimobiledevice.org'
PACKAGE_VERSION='1.1.0'
PATH_SEPARATOR=':'
PKG_CONFIG='/usr/local/bin/pkg-config'
PKG_CONFIG_LIBDIR=''
PKG_CONFIG_PATH='/usr/local/opt/libxml2/lib/pkgconfig'
PTHREAD_CC=''
PTHREAD_CFLAGS=''
PTHREAD_LIBS=''
RANLIB='ranlib'
SED='/usr/bin/sed'
SET_MAKE=''
SHELL='/bin/sh'
STRIP='strip'
VERSION='1.1.0'
WIN32_FALSE=''
WIN32_TRUE='#'
ac_ct_AR='ar'
ac_ct_CC='gcc'
ac_ct_CXX='g++'
ac_ct_DUMPBIN=''
am__EXEEXT_FALSE=''
am__EXEEXT_TRUE='#'
am__fastdepCC_FALSE='#'
am__fastdepCC_TRUE=''
am__fastdepCXX_FALSE='#'
am__fastdepCXX_TRUE=''
am__include='include'
am__isrc=''
am__leading_dot='.'
am__nodep='_no'
am__quote=''
am__tar='$${TAR-tar} chof - "$$tardir"'
am__untar='$${TAR-tar} xf -'
ax_pthread_config=''
bindir='${exec_prefix}/bin'
build='x86_64-apple-darwin17.7.0'
build_alias=''
build_cpu='x86_64'
build_os='darwin17.7.0'
build_vendor='apple'
datadir='${datarootdir}'
datarootdir='${prefix}/share'
docdir='${datarootdir}/doc/${PACKAGE_TARNAME}'
dvidir='${docdir}'
exec_prefix='${prefix}'
host='x86_64-apple-darwin17.7.0'
host_alias=''
host_cpu='x86_64'
host_os='darwin17.7.0'
host_vendor='apple'
htmldir='${docdir}'
includedir='${prefix}/include'
infodir='${datarootdir}/info'
install_sh='${SHELL} /Users/appletech752/Desktop/oc34n2/dependencies/libimobiledevice/libideviceactivation/install-sh'
libcurl_CFLAGS=''
libcurl_LIBS='-lcurl'
libdir='${exec_prefix}/lib'
libexecdir='${exec_prefix}/libexec'
libimobiledevice_CFLAGS='-I/usr/local/include -I/usr/local/Cellar/gnutls/3.6.13/include -I/usr/local/Cellar/nettle/3.4.1/include -I/usr/local/Cellar/p11-kit/0.23.20_1/include/p11-kit-1 -I/usr/local/Cellar/libtasn1/4.16.0/include -I/usr/local/include'
libimobiledevice_LIBS='-L/usr/local/lib -limobiledevice -lplist'
libplist_CFLAGS='-I/usr/local/include'
libplist_LIBS='-L/usr/local/lib -lplist'
libxml2_CFLAGS='-I/usr/local/Cellar/libxml2/2.9.10_1/include/libxml2'
libxml2_LIBS='-L/usr/local/Cellar/libxml2/2.9.10_1/lib -lxml2'
localedir='${datarootdir}/locale'
localstatedir='${prefix}/var'
mandir='${datarootdir}/man'
mkdir_p='$(MKDIR_P)'
oldincludedir='/usr/include'
pdfdir='${docdir}'
prefix='/usr/local'
program_transform_name='s,x,x,'
psdir='${docdir}'
sbindir='${exec_prefix}/sbin'
sharedstatedir='${prefix}/com'
sysconfdir='${prefix}/etc'
target_alias=''

## ----------- ##
## confdefs.h. ##
## ----------- ##

/* confdefs.h */
#define PACKAGE_NAME "libideviceactivation"
#define PACKAGE_TARNAME "libideviceactivation"
#define PACKAGE_VERSION "1.1.0"
#define PACKAGE_STRING "libideviceactivation 1.1.0"
#define PACKAGE_BUGREPORT "https://github.com/libimobiledevice/libideviceactivation/issues"
#define PACKAGE_URL "http://libimobiledevice.org"
#define PACKAGE "libideviceactivation"
#define VERSION "1.1.0"
#define STDC_HEADERS 1
#define HAVE_SYS_TYPES_H 1
#define HAVE_SYS_STAT_H 1
#define HAVE_STDLIB_H 1
#define HAVE_STRING_H 1
#define HAVE_MEMORY_H 1
#define HAVE_STRINGS_H 1
#define HAVE_INTTYPES_H 1
#define HAVE_STDINT_H 1
#define HAVE_UNISTD_H 1
#define HAVE_DLFCN_H 1
#define LT_OBJDIR ".libs/"
#define STDC_HEADERS 1
#define HAVE_STDINT_H 1
#define HAVE_STDLIB_H 1
#define HAVE_STRING_H 1
#define HAVE_SYS_SOCKET_H 1
#define HAVE_STRCASECMP 1
#define HAVE_STRDUP 1
#define HAVE_STRERROR 1
#define HAVE_STRNDUP 1
#define HAVE_FVISIBILITY 1

configure: exit 0
